[debug] [2021-11-10T13:52:45.749Z] ----------------------------------------------------------------------
[debug] [2021-11-10T13:52:45.751Z] Command:       C:\Program Files\nodejs\node.exe C:\Users\Gabss\AppData\Roaming\npm\node_modules\firebase-tools\lib\bin\firebase.js init
[debug] [2021-11-10T13:52:45.751Z] CLI Version:   9.22.0
[debug] [2021-11-10T13:52:45.751Z] Platform:      win32
[debug] [2021-11-10T13:52:45.751Z] Node Version:  v14.16.1
[debug] [2021-11-10T13:52:45.752Z] Time:          Wed Nov 10 2021 10:52:45 GMT-0300 (Horário Padrão de Brasília)
[debug] [2021-11-10T13:52:45.752Z] ----------------------------------------------------------------------
[debug] 
[debug] [2021-11-10T13:52:45.759Z] > command requires scopes: ["email","openid","https://www.googleapis.com/auth/cloudplatformprojects.readonly","https://www.googleapis.com/auth/firebase","https://www.googleapis.com/auth/cloud-platform"]
[debug] [2021-11-10T13:52:45.759Z] > authorizing via signed-in user (gabrielprediger046@gmail.com)
[info] 
     ######## #### ########  ######## ########     ###     ######  ########
     ##        ##  ##     ## ##       ##     ##  ##   ##  ##       ##
     ######    ##  ########  ######   ########  #########  ######  ######
     ##        ##  ##    ##  ##       ##     ## ##     ##       ## ##
     ##       #### ##     ## ######## ########  ##     ##  ######  ########

You're about to initialize a Firebase project in this directory:

  C:\Users\Gabss\OneDrive\Área de Trabalho\Area de Trabalho\Projetos Programação\Andamento\letmeask

[info] 
=== Project Setup
[info] 
[info] First, let's associate this project directory with a Firebase project.
[info] You can create multiple project aliases by running firebase use --add, 
[info] but for now we'll just set up a default project.
[info] 
[debug] [2021-11-10T13:53:31.757Z] >>> [apiv2][query] GET https://firebase.googleapis.com/v1beta1/projects pageSize=100
[debug] [2021-11-10T13:53:32.279Z] <<< [apiv2][status] GET https://firebase.googleapis.com/v1beta1/projects 200
[debug] [2021-11-10T13:53:32.279Z] <<< [apiv2][body] GET https://firebase.googleapis.com/v1beta1/projects [omitted]
[info] i  Using project letmeask-treino (letmeask-treino) 
[info] 
=== Database Setup
[info] i  database: ensuring required API firebasedatabase.googleapis.com is enabled... 
[debug] [2021-11-10T13:53:34.024Z] > refreshing access token with scopes: ["email","https://www.googleapis.com/auth/cloud-platform","https://www.googleapis.com/auth/cloudplatformprojects.readonly","https://www.googleapis.com/auth/firebase","openid"]
[debug] [2021-11-10T13:53:34.024Z] >>> HTTP REQUEST POST https://www.googleapis.com/oauth2/v3/token  
 <request body omitted>
[debug] [2021-11-10T13:53:34.214Z] <<< HTTP RESPONSE 200 {"date":"Wed, 10 Nov 2021 13:53:37 GMT","cache-control":"no-cache, no-store, max-age=0, must-revalidate","expires":"Mon, 01 Jan 1990 00:00:00 GMT","pragma":"no-cache","content-type":"application/json; charset=utf-8","vary":"X-Origin, Referer, Origin,Accept-Encoding","server":"scaffolding on HTTPServer2","x-xss-protection":"0","x-frame-options":"SAMEORIGIN","x-content-type-options":"nosniff","alt-svc":"h3=\":443\"; ma=2592000,h3-29=\":443\"; ma=2592000,h3-Q050=\":443\"; ma=2592000,h3-Q046=\":443\"; ma=2592000,h3-Q043=\":443\"; ma=2592000,quic=\":443\"; ma=2592000; v=\"46,43\"","accept-ranges":"none","transfer-encoding":"chunked"}
[debug] [2021-11-10T13:53:34.221Z] >>> HTTP REQUEST GET https://serviceusage.googleapis.com/v1/projects/letmeask-treino/services/firebasedatabase.googleapis.com  
 
[debug] [2021-11-10T13:53:35.360Z] <<< HTTP RESPONSE 200 {"content-type":"application/json; charset=UTF-8","vary":"X-Origin, Referer, Origin,Accept-Encoding","date":"Wed, 10 Nov 2021 13:53:38 GMT","server":"ESF","cache-control":"private","x-xss-protection":"0","x-frame-options":"SAMEORIGIN","x-content-type-options":"nosniff","alt-svc":"h3=\":443\"; ma=2592000,h3-29=\":443\"; ma=2592000,h3-Q050=\":443\"; ma=2592000,h3-Q046=\":443\"; ma=2592000,h3-Q043=\":443\"; ma=2592000,quic=\":443\"; ma=2592000; v=\"46,43\"","accept-ranges":"none","transfer-encoding":"chunked"}
[info] +  database: required API firebasedatabase.googleapis.com is enabled 
[info] 
[debug] [2021-11-10T13:53:35.363Z] >>> HTTP REQUEST GET https://firebasedatabase.googleapis.com/v1beta/projects/letmeask-treino/locations/-/instances/letmeask-treino-default-rtdb  
 
[debug] [2021-11-10T13:53:36.486Z] <<< HTTP RESPONSE 200 {"content-type":"application/json; charset=UTF-8","vary":"X-Origin, Referer, Origin,Accept-Encoding","date":"Wed, 10 Nov 2021 13:53:39 GMT","server":"ESF","cache-control":"private","x-xss-protection":"0","x-frame-options":"SAMEORIGIN","x-content-type-options":"nosniff","alt-svc":"h3=\":443\"; ma=2592000,h3-29=\":443\"; ma=2592000,h3-Q050=\":443\"; ma=2592000,h3-Q046=\":443\"; ma=2592000,h3-Q043=\":443\"; ma=2592000,quic=\":443\"; ma=2592000; v=\"46,43\"","accept-ranges":"none","transfer-encoding":"chunked"}
[info] 
[info] Firebase Realtime Database Security Rules allow you to define how your data should be
[info] structured and when your data can be read from and written to.
[info] 
[debug] [2021-11-10T13:53:48.627Z] >>> HTTP REQUEST GET https://letmeask-treino-default-rtdb.firebaseio.com/.settings/rules.json  
 
[debug] [2021-11-10T13:53:49.291Z] <<< HTTP RESPONSE 200 {"server":"nginx","date":"Wed, 10 Nov 2021 13:53:52 GMT","content-type":"application/json; charset=utf-8","content-length":"571","connection":"keep-alive","access-control-allow-origin":"*","cache-control":"no-cache","strict-transport-security":"max-age=31556926; includeSubDomains; preload"}
[info] +  Database Rules for letmeask-treino-default-rtdb have been written to database.rules.json. 
[info] Future modifications to database.rules.json will update Realtime Database Security Rules when you run
[info] firebase deploy.
[info] 
=== Hosting Setup
[info] 
[info] Your public directory is the folder (relative to your project directory) that
[info] will contain Hosting assets to be uploaded with firebase deploy. If you
[info] have a build process for your assets, use your build's output directory.
[info] 
[debug] [2021-11-10T13:55:30.802Z] >>> [apiv2][query] GET https://www.gstatic.com/firebasejs/releases.json [none]
[debug] [2021-11-10T13:55:30.917Z] <<< [apiv2][status] GET https://www.gstatic.com/firebasejs/releases.json 200
[debug] [2021-11-10T13:55:30.918Z] <<< [apiv2][body] GET https://www.gstatic.com/firebasejs/releases.json {"current":{"version":"9.4.0","browserURL":"https://www.gstatic.com/firebasejs/9.4.0/firebase.js","packageURL":"https://www.gstatic.com/firebasejs/9.4.0/firebase.tgz"},"live":{"version":"9.4","browserURL":"https://www.gstatic.com/firebasejs/live/9.4/firebase.js","packageURL":"https://www.gstatic.com/firebasejs/live/9.4/firebase.tgz"},"components":{"analytics":"https://www.gstatic.com/firebasejs/9.4.0/firebase-analytics.js","app":"https://www.gstatic.com/firebasejs/9.4.0/firebase-app.js","app-check":"https://www.gstatic.com/firebasejs/9.4.0/firebase-app-check.js","auth":"https://www.gstatic.com/firebasejs/9.4.0/firebase-auth.js","auth/cordova":"https://www.gstatic.com/firebasejs/9.4.0/firebase-auth/cordova.js","auth/react-native":"https://www.gstatic.com/firebasejs/9.4.0/firebase-auth/react-native.js","functions":"https://www.gstatic.com/firebasejs/9.4.0/firebase-functions.js","firestore":"https://www.gstatic.com/firebasejs/9.4.0/firebase-firestore.js","firestore/lite":"https://www.gstatic.com/firebasejs/9.4.0/firebase-firestore/lite.js","storage":"https://www.gstatic.com/firebasejs/9.4.0/firebase-storage.js","performance":"https://www.gstatic.com/firebasejs/9.4.0/firebase-performance.js","remote-config":"https://www.gstatic.com/firebasejs/9.4.0/firebase-remote-config.js","messaging":"https://www.gstatic.com/firebasejs/9.4.0/firebase-messaging.js","messaging/sw":"https://www.gstatic.com/firebasejs/9.4.0/firebase-messaging/sw.js","database":"https://www.gstatic.com/firebasejs/9.4.0/firebase-database.js","firestore.memory":"https://www.gstatic.com/firebasejs/9.4.0/firebase-firestore.memory.js"}}
[info] +  Wrote build/index.html 
[info] 
[info] i  Didn't detect a .git folder. Assuming C:\Users\Gabss\OneDrive\Área de Trabalho\Area de Trabalho\Projetos Programação\Andamento\letmeask is the project root. 
[info] i  Authorizing with GitHub to upload your service account to a GitHub repository's secrets store. 
[info] 
[info] Visit this URL on this device to log in:
[info] https://github.com/login/oauth/authorize?client_id=89cf50f02ac6aaed3484&state=1016977320&redirect_uri=http%3A%2F%2Flocalhost%3A9005&scope=read%3Auser%20repo%20public_repo
[info] 
[info] Waiting for authentication...
[debug] [2021-11-10T13:55:39.024Z] >>> HTTP REQUEST POST https://github.com/login/oauth/access_token  
 {"client_id":"89cf50f02ac6aaed3484","client_secret":"3330d14abc895d9a74d5f17cd7a00711fa2c5bf0","code":"1c41884e70d84e44ab7f","redirect_uri":"http://localhost:9005","state":"1016977320"}
[debug] [2021-11-10T13:55:39.353Z] <<< HTTP RESPONSE 200 {"server":"GitHub.com","date":"Wed, 10 Nov 2021 13:55:42 GMT","content-type":"application/json; charset=utf-8","transfer-encoding":"chunked","vary":"X-PJAX, X-PJAX-Container, Accept-Encoding, Accept, X-Requested-With","permissions-policy":"interest-cohort=()","etag":"W/\"a5db12093e58933ba7aea615c2662e17\"","cache-control":"max-age=0, private, must-revalidate","strict-transport-security":"max-age=31536000; includeSubdomains; preload","x-frame-options":"deny","x-content-type-options":"nosniff","x-xss-protection":"0","referrer-policy":"origin-when-cross-origin, strict-origin-when-cross-origin","expect-ct":"max-age=2592000, report-uri=\"https://api.github.com/_private/browser/errors\"","content-security-policy":"default-src 'none'; base-uri 'self'; block-all-mixed-content; child-src github.com/assets-cdn/worker/ gist.github.com/assets-cdn/worker/; connect-src 'self' uploads.github.com objects-origin.githubusercontent.com www.githubstatus.com collector.githubapp.com api.github.com github-cloud.s3.amazonaws.com github-production-repository-file-5c1aeb.s3.amazonaws.com github-production-upload-manifest-file-7fdce7.s3.amazonaws.com github-production-user-asset-6210df.s3.amazonaws.com cdn.optimizely.com logx.optimizely.com/v1/events translator.github.com wss://alive.github.com; font-src github.githubassets.com; form-action 'self' github.com gist.github.com objects-origin.githubusercontent.com; frame-ancestors 'none'; frame-src render.githubusercontent.com viewscreen.githubusercontent.com notebooks.githubusercontent.com; img-src 'self' data: github.githubassets.com identicons.github.com collector.githubapp.com github-cloud.s3.amazonaws.com secured-user-images.githubusercontent.com/ *.githubusercontent.com; manifest-src 'self'; media-src github.com user-images.githubusercontent.com/; script-src github.githubassets.com; style-src 'unsafe-inline' github.githubassets.com; worker-src github.com/assets-cdn/worker/ gist.github.com/assets-cdn/worker/","x-github-request-id":"4458:6638:7CFAD:1A2068:618BCF5E"}
[debug] [2021-11-10T13:55:39.358Z] >>> [apiv2][query] GET https://api.github.com/user [none]
[debug] [2021-11-10T13:55:39.652Z] <<< [apiv2][status] GET https://api.github.com/user 200
[debug] [2021-11-10T13:55:39.652Z] <<< [apiv2][body] GET https://api.github.com/user {"login":"GabrielPrediger","id":61945626,"node_id":"MDQ6VXNlcjYxOTQ1NjI2","avatar_url":"https://avatars.githubusercontent.com/u/61945626?v=4","gravatar_id":"","url":"https://api.github.com/users/GabrielPrediger","html_url":"https://github.com/GabrielPrediger","followers_url":"https://api.github.com/users/GabrielPrediger/followers","following_url":"https://api.github.com/users/GabrielPrediger/following{/other_user}","gists_url":"https://api.github.com/users/GabrielPrediger/gists{/gist_id}","starred_url":"https://api.github.com/users/GabrielPrediger/starred{/owner}{/repo}","subscriptions_url":"https://api.github.com/users/GabrielPrediger/subscriptions","organizations_url":"https://api.github.com/users/GabrielPrediger/orgs","repos_url":"https://api.github.com/users/GabrielPrediger/repos","events_url":"https://api.github.com/users/GabrielPrediger/events{/privacy}","received_events_url":"https://api.github.com/users/GabrielPrediger/received_events","type":"User","site_admin":false,"name":"Gabriel Prediger","company":null,"blog":"","location":null,"email":null,"hireable":null,"bio":null,"twitter_username":null,"public_repos":10,"public_gists":0,"followers":0,"following":1,"created_at":"2020-03-08T17:39:12Z","updated_at":"2021-09-23T17:02:54Z","private_gists":0,"total_private_repos":2,"owned_private_repos":2,"disk_usage":71677,"collaborators":0,"two_factor_authentication":false,"plan":{"name":"free","space":976562499,"collaborators":0,"private_repos":10000}}
[info] 
[info] +  Success! Logged into GitHub as GabrielPrediger 
[info] 
[debug] [2021-11-10T13:55:47.570Z] >>> [apiv2][query] GET https://api.github.com/repos//actions/secrets/public-key type=owner
[debug] [2021-11-10T13:55:47.800Z] <<< [apiv2][status] GET https://api.github.com/repos//actions/secrets/public-key 404
[debug] [2021-11-10T13:55:47.800Z] <<< [apiv2][body] GET https://api.github.com/repos//actions/secrets/public-key {"message":"Not Found","documentation_url":"https://docs.github.com/rest"}
[debug] [2021-11-10T13:55:50.176Z] >>> [apiv2][query] GET https://api.github.com/repos//actions/secrets/public-key type=owner
[debug] [2021-11-10T13:55:50.414Z] <<< [apiv2][status] GET https://api.github.com/repos//actions/secrets/public-key 404
[debug] [2021-11-10T13:55:50.414Z] <<< [apiv2][body] GET https://api.github.com/repos//actions/secrets/public-key {"message":"Not Found","documentation_url":"https://docs.github.com/rest"}
[debug] [2021-11-10T13:58:20.317Z] >>> [apiv2][query] GET https://api.github.com/repos/yes/actions/secrets/public-key type=owner
[debug] [2021-11-10T13:58:20.557Z] <<< [apiv2][status] GET https://api.github.com/repos/yes/actions/secrets/public-key 404
[debug] [2021-11-10T13:58:20.557Z] <<< [apiv2][body] GET https://api.github.com/repos/yes/actions/secrets/public-key {"message":"Not Found","documentation_url":"https://docs.github.com/rest"}
